-------------------------------------------------------------------------------
Test set: com.example.demo.UserServiceTest
-------------------------------------------------------------------------------
Tests run: 1, Failures: 1, Errors: 0, Skipped: 0, Time elapsed: 0.015 s <<< FAILURE! - in com.example.demo.UserServiceTest
test1  Time elapsed: 0.001 s  <<< FAILURE!
java.lang.AssertionError: 0 != 1. Expected <0>, actual <1>.
	at com.example.demo.UserServiceTest.test1(UserServiceTest.kt:26)

